
> ultimauto.fr@0.0.1 build
> astro build

[2m22:42:22[22m [34m[vite][39m Re-optimizing dependencies because vite config has changed
[2m22:42:25[22m [34m[types][39m Generated [2m3.16s[22m
[2m22:42:25[22m [34m[build][39m output: [34m"static"[39m
[2m22:42:25[22m [34m[build][39m mode: [34m"static"[39m
[2m22:42:25[22m [34m[build][39m directory: [34mC:\Users\HP\ultimauto.fr\dist\[39m
[2m22:42:25[22m [34m[build][39m Collecting build info...
[2m22:42:25[22m [34m[build][39m [32m✓ Completed in 3.26s.[39m
[2m22:42:25[22m [34m[build][39m Building static entrypoints...
[2m22:42:33[22m [34m[vite][39m [32m✓ built in 6.92s[39m
[2m22:42:33[22m [34m[vite][39m [32m✓ built in 85ms[39m
[2m22:42:33[22m [34m[build][39m Rearranging server assets...

[42m[30m generating static routes [39m[49m
[2m22:42:33[22m   [34m├─[39m [2m/zones-d-intervention/index.html[22m [2m(+92ms)[22m 
[2m22:42:33[22m   [34m├─[39m [2m/decalaminage-hydrogene/cholet/index.html[22m [2m(+46ms)[22m 
[2m22:42:33[22m   [34m├─[39m [2m/decalaminage-hydrogene/lys-haut-layon/index.html[22m [2m(+24ms)[22m 
[2m22:42:33[22m   [34m├─[39m [2m/decalaminage-hydrogene/le-may-sur-evre/index.html[22m [2m(+17ms)[22m 
[2m22:42:33[22m   [34m├─[39m [2m/decalaminage-hydrogene/maulevrier/index.html[22m [2m(+16ms)[22m 
[2m22:42:33[22m   [34m├─[39m [2m/decalaminage-hydrogene/la-seguiniere/index.html[22m [2m(+21ms)[22m 
[2m22:42:33[22m   [34m├─[39m [2m/decalaminage-hydrogene/saint-leger-sous-cholet/index.html[22m [2m(+18ms)[22m 
[2m22:42:33[22m   [34m├─[39m [2m/decalaminage-hydrogene/trementines/index.html[22m [2m(+20ms)[22m 
[2m22:42:33[22m   [34m├─[39m [2m/decalaminage-hydrogene/la-tessoualle/index.html[22m [2m(+25ms)[22m 
[2m22:42:33[22m   [34m├─[39m [2m/decalaminage-hydrogene/yzernay/index.html[22m [2m(+19ms)[22m 
[2m22:42:33[22m   [34m├─[39m [2m/decalaminage-hydrogene/saint-christophe-du-bois/index.html[22m [2m(+11ms)[22m 
[2m22:42:33[22m   [34m├─[39m [2m/decalaminage-hydrogene/vezins/index.html[22m [2m(+17ms)[22m 
[2m22:42:33[22m   [34m├─[39m [2m/decalaminage-hydrogene/coron/index.html[22m [2m(+14ms)[22m 
[2m22:42:33[22m   [34m├─[39m [2m/decalaminage-hydrogene/la-romagne/index.html[22m [2m(+14ms)[22m 
[2m22:42:33[22m   [34m├─[39m [2m/decalaminage-hydrogene/toutlemonde/index.html[22m [2m(+13ms)[22m 
[2m22:42:33[22m   [34m├─[39m [2m/decalaminage-hydrogene/somloire/index.html[22m [2m(+15ms)[22m 
[2m22:42:33[22m   [34m├─[39m [2m/decalaminage-hydrogene/montilliers/index.html[22m [2m(+13ms)[22m 
[2m22:42:33[22m   [34m├─[39m [2m/decalaminage-hydrogene/nuaille/index.html[22m [2m(+13ms)[22m 
[2m22:42:33[22m   [34m├─[39m [2m/decalaminage-hydrogene/les-cerqueux/index.html[22m [2m(+11ms)[22m 
[2m22:42:33[22m   [34m├─[39m [2m/decalaminage-hydrogene/saint-paul-du-bois/index.html[22m [2m(+17ms)[22m 
[2m22:42:33[22m   [34m├─[39m [2m/decalaminage-hydrogene/begrolles-en-mauges/index.html[22m [2m(+14ms)[22m 
[2m22:42:33[22m   [34m├─[39m [2m/decalaminage-hydrogene/clere-sur-layon/index.html[22m [2m(+18ms)[22m 
[2m22:42:33[22m   [34m├─[39m [2m/decalaminage-hydrogene/chanteloup-les-bois/index.html[22m [2m(+19ms)[22m 
[2m22:42:33[22m   [34m├─[39m [2m/decalaminage-hydrogene/passavant-sur-layon/index.html[22m [2m(+17ms)[22m 
[2m22:42:33[22m   [34m├─[39m [2m/decalaminage-hydrogene/cernusson/index.html[22m [2m(+11ms)[22m 
[2m22:42:33[22m   [34m├─[39m [2m/decalaminage-hydrogene/nantes/index.html[22m [2m(+11ms)[22m 
[2m22:42:33[22m   [34m├─[39m [2m/decalaminage-hydrogene/saint-nazaire/index.html[22m [2m(+11ms)[22m 
[2m22:42:33[22m   [34m├─[39m [2m/decalaminage-hydrogene/saint-herblain/index.html[22m [2m(+14ms)[22m 
[2m22:42:34[22m   [34m├─[39m [2m/decalaminage-hydrogene/reze/index.html[22m [2m(+13ms)[22m 
[2m22:42:34[22m   [34m├─[39m [2m/decalaminage-hydrogene/saint-sebastien-sur-loire/index.html[22m [2m(+14ms)[22m 
[2m22:42:34[22m   [34m├─[39m [2m/decalaminage-hydrogene/orvault/index.html[22m [2m(+16ms)[22m 
[2m22:42:34[22m   [34m├─[39m [2m/decalaminage-hydrogene/vertou/index.html[22m [2m(+11ms)[22m 
[2m22:42:34[22m   [34m├─[39m [2m/decalaminage-hydrogene/coueron/index.html[22m [2m(+11ms)[22m 
[2m22:42:34[22m   [34m├─[39m [2m/decalaminage-hydrogene/bouguenais/index.html[22m [2m(+16ms)[22m 
[2m22:42:34[22m   [34m├─[39m [2m/decalaminage-hydrogene/carquefou/index.html[22m [2m(+19ms)[22m 
[2m22:42:34[22m   [34m├─[39m [2m/decalaminage-hydrogene/la-chapelle-sur-erdre/index.html[22m [2m(+12ms)[22m 
[2m22:42:34[22m   [34m├─[39m [2m/decalaminage-hydrogene/pornic/index.html[22m [2m(+10ms)[22m 
[2m22:42:34[22m   [34m├─[39m [2m/decalaminage-hydrogene/guerande/index.html[22m [2m(+8ms)[22m 
[2m22:42:34[22m   [34m├─[39m [2m/decalaminage-hydrogene/la-baule-escoublac/index.html[22m [2m(+9ms)[22m 
[2m22:42:34[22m   [34m├─[39m [2m/decalaminage-hydrogene/sainte-luce-sur-loire/index.html[22m [2m(+8ms)[22m 
[2m22:42:34[22m   [34m├─[39m [2m/decalaminage-hydrogene/ancenis-saint-gereon/index.html[22m [2m(+9ms)[22m 
[2m22:42:34[22m   [34m├─[39m [2m/decalaminage-hydrogene/pontchateau/index.html[22m [2m(+23ms)[22m 
[2m22:42:34[22m   [34m├─[39m [2m/decalaminage-hydrogene/vallet/index.html[22m [2m(+15ms)[22m 
[2m22:42:34[22m   [34m├─[39m [2m/decalaminage-hydrogene/savenay/index.html[22m [2m(+15ms)[22m 
[2m22:42:34[22m   [34m├─[39m [2m/decalaminage-hydrogene/basse-goulaine/index.html[22m [2m(+12ms)[22m 
[2m22:42:34[22m   [34m├─[39m [2m/decalaminage-hydrogene/clisson/index.html[22m [2m(+24ms)[22m 
[2m22:42:34[22m   [34m├─[39m [2m/decalaminage-hydrogene/haute-goulaine/index.html[22m [2m(+16ms)[22m 
[2m22:42:34[22m   [34m├─[39m [2m/decalaminage-hydrogene/angers/index.html[22m [2m(+13ms)[22m 
[2m22:42:34[22m   [34m├─[39m [2m/decalaminage-hydrogene/saumur/index.html[22m [2m(+16ms)[22m 
[2m22:42:34[22m   [34m├─[39m [2m/decalaminage-hydrogene/sevremoine/index.html[22m [2m(+13ms)[22m 
[2m22:42:34[22m   [34m├─[39m [2m/decalaminage-hydrogene/beaupreau-en-mauges/index.html[22m [2m(+13ms)[22m 
[2m22:42:34[22m   [34m├─[39m [2m/decalaminage-hydrogene/chemille-en-anjou/index.html[22m [2m(+13ms)[22m 
[2m22:42:34[22m   [34m├─[39m [2m/decalaminage-hydrogene/mauges-sur-loire/index.html[22m [2m(+11ms)[22m 
[2m22:42:34[22m   [34m├─[39m [2m/decalaminage-hydrogene/segre-en-anjou-bleu/index.html[22m [2m(+10ms)[22m 
[2m22:42:34[22m   [34m├─[39m [2m/decalaminage-hydrogene/oree-d-anjou/index.html[22m [2m(+12ms)[22m 
[2m22:42:34[22m   [34m├─[39m [2m/decalaminage-hydrogene/loire-authion/index.html[22m [2m(+19ms)[22m 
[2m22:42:34[22m   [34m├─[39m [2m/decalaminage-hydrogene/montrevault-sur-evre/index.html[22m [2m(+34ms)[22m 
[2m22:42:34[22m   [34m├─[39m [2m/decalaminage-hydrogene/trelaze/index.html[22m [2m(+14ms)[22m 
[2m22:42:34[22m   [34m├─[39m [2m/decalaminage-hydrogene/avrille/index.html[22m [2m(+30ms)[22m 
[2m22:42:34[22m   [34m├─[39m [2m/decalaminage-hydrogene/les-ponts-de-ce/index.html[22m [2m(+22ms)[22m 
[2m22:42:34[22m   [34m├─[39m [2m/decalaminage-hydrogene/bauge-en-anjou/index.html[22m [2m(+18ms)[22m 
[2m22:42:34[22m   [34m├─[39m [2m/decalaminage-hydrogene/doue-la-fontaine/index.html[22m [2m(+28ms)[22m 
[2m22:42:34[22m   [34m├─[39m [2m/decalaminage-hydrogene/longue-jumelles/index.html[22m [2m(+19ms)[22m 
[2m22:42:34[22m   [34m├─[39m [2m/decalaminage-hydrogene/chalonnes-sur-loire/index.html[22m [2m(+14ms)[22m 
[2m22:42:34[22m   [34m├─[39m [2m/decalaminage-hydrogene/ingrandes-le-fresne-sur-loire/index.html[22m [2m(+17ms)[22m 
[2m22:42:34[22m   [34m├─[39m [2m/decalaminage-hydrogene/saint-sylvain-d-anjou/index.html[22m [2m(+12ms)[22m 
[2m22:42:34[22m   [34m├─[39m [2m/decalaminage-hydrogene/lorient/index.html[22m [2m(+16ms)[22m 
[2m22:42:34[22m   [34m├─[39m [2m/decalaminage-hydrogene/vannes/index.html[22m [2m(+29ms)[22m 
[2m22:42:34[22m   [34m├─[39m [2m/decalaminage-hydrogene/lanester/index.html[22m [2m(+14ms)[22m 
[2m22:42:34[22m   [34m├─[39m [2m/decalaminage-hydrogene/ploemeur/index.html[22m [2m(+27ms)[22m 
[2m22:42:34[22m   [34m├─[39m [2m/decalaminage-hydrogene/hennebont/index.html[22m [2m(+18ms)[22m 
[2m22:42:34[22m   [34m├─[39m [2m/decalaminage-hydrogene/auray/index.html[22m [2m(+15ms)[22m 
[2m22:42:34[22m   [34m├─[39m [2m/decalaminage-hydrogene/guidel/index.html[22m [2m(+17ms)[22m 
[2m22:42:34[22m   [34m├─[39m [2m/decalaminage-hydrogene/queven/index.html[22m [2m(+13ms)[22m 
[2m22:42:34[22m   [34m├─[39m [2m/decalaminage-hydrogene/sene/index.html[22m [2m(+12ms)[22m 
[2m22:42:34[22m   [34m├─[39m [2m/decalaminage-hydrogene/theix-noyalo/index.html[22m [2m(+27ms)[22m 
[2m22:42:34[22m   [34m├─[39m [2m/decalaminage-hydrogene/caudan/index.html[22m [2m(+19ms)[22m 
[2m22:42:34[22m   [34m├─[39m [2m/decalaminage-hydrogene/elven/index.html[22m [2m(+60ms)[22m 
[2m22:42:34[22m   [34m├─[39m [2m/decalaminage-hydrogene/grand-champ/index.html[22m [2m(+17ms)[22m 
[2m22:42:34[22m   [34m├─[39m [2m/decalaminage-hydrogene/plouay/index.html[22m [2m(+19ms)[22m 
[2m22:42:34[22m   [34m├─[39m [2m/decalaminage-hydrogene/arradon/index.html[22m [2m(+13ms)[22m 
[2m22:42:34[22m   [34m├─[39m [2m/decalaminage-hydrogene/muzillac/index.html[22m [2m(+26ms)[22m 
[2m22:42:34[22m   [34m├─[39m [2m/decalaminage-hydrogene/baden/index.html[22m [2m(+20ms)[22m 
[2m22:42:34[22m   [34m├─[39m [2m/decalaminage-hydrogene/locmiquelic/index.html[22m [2m(+34ms)[22m 
[2m22:42:35[22m   [34m├─[39m [2m/decalaminage-hydrogene/arzon/index.html[22m [2m(+14ms)[22m 
[2m22:42:35[22m   [34m├─[39m [2m/decalaminage-hydrogene/la-roche-bernard/index.html[22m [2m(+13ms)[22m 
[2m22:42:35[22m   [34m├─[39m [2m/decalaminage-hydrogene/niort/index.html[22m [2m(+16ms)[22m 
[2m22:42:35[22m   [34m├─[39m [2m/decalaminage-hydrogene/bressuire/index.html[22m [2m(+12ms)[22m 
[2m22:42:35[22m   [34m├─[39m [2m/decalaminage-hydrogene/thouars/index.html[22m [2m(+14ms)[22m 
[2m22:42:35[22m   [34m├─[39m [2m/decalaminage-hydrogene/parthenay/index.html[22m [2m(+10ms)[22m 
[2m22:42:35[22m   [34m├─[39m [2m/decalaminage-hydrogene/mauleon/index.html[22m [2m(+9ms)[22m 
[2m22:42:35[22m   [34m├─[39m [2m/decalaminage-hydrogene/nueil-les-aubiers/index.html[22m [2m(+11ms)[22m 
[2m22:42:35[22m   [34m├─[39m [2m/decalaminage-hydrogene/cerizay/index.html[22m [2m(+16ms)[22m 
[2m22:42:35[22m   [34m├─[39m [2m/decalaminage-hydrogene/argentonnay/index.html[22m [2m(+9ms)[22m 
[2m22:42:35[22m   [34m├─[39m [2m/decalaminage-hydrogene/la-roche-sur-yon/index.html[22m [2m(+11ms)[22m 
[2m22:42:35[22m   [34m├─[39m [2m/decalaminage-hydrogene/les-sables-d-olonne/index.html[22m [2m(+12ms)[22m 
[2m22:42:35[22m   [34m├─[39m [2m/decalaminage-hydrogene/challans/index.html[22m [2m(+16ms)[22m 
[2m22:42:35[22m   [34m├─[39m [2m/decalaminage-hydrogene/montaigu-vendee/index.html[22m [2m(+21ms)[22m 
[2m22:42:35[22m   [34m├─[39m [2m/decalaminage-hydrogene/les-herbiers/index.html[22m [2m(+13ms)[22m 
[2m22:42:35[22m   [34m├─[39m [2m/decalaminage-hydrogene/fontenay-le-comte/index.html[22m [2m(+12ms)[22m 
[2m22:42:35[22m   [34m├─[39m [2m/decalaminage-hydrogene/saint-hilaire-de-riez/index.html[22m [2m(+13ms)[22m 
[2m22:42:35[22m   [34m├─[39m [2m/decalaminage-hydrogene/aizenay/index.html[22m [2m(+12ms)[22m 
[2m22:42:35[22m   [34m├─[39m [2m/decalaminage-hydrogene/lucon/index.html[22m [2m(+18ms)[22m 
[2m22:42:35[22m   [34m├─[39m [2m/decalaminage-hydrogene/saint-jean-de-monts/index.html[22m [2m(+13ms)[22m 
[2m22:42:35[22m   [34m├─[39m [2m/decalaminage-hydrogene/talmont-saint-hilaire/index.html[22m [2m(+17ms)[22m 
[2m22:42:35[22m   [34m├─[39m [2m/decalaminage-hydrogene/saint-gilles-croix-de-vie/index.html[22m [2m(+14ms)[22m 
[2m22:42:35[22m   [34m├─[39m [2m/decalaminage-hydrogene/essarts-en-bocage/index.html[22m [2m(+13ms)[22m 
[2m22:42:35[22m   [34m├─[39m [2m/decalaminage-hydrogene/noirmoutier-en-l-ile/index.html[22m [2m(+10ms)[22m 
[2m22:42:35[22m   [34m├─[39m [2m/decalaminage-hydrogene/la-tranche-sur-mer/index.html[22m [2m(+9ms)[22m 
[2m22:42:35[22m   [34m├─[39m [2m/decalaminage-hydrogene/mareuil-sur-lay-dissais/index.html[22m [2m(+11ms)[22m 
[2m22:42:35[22m   [34m├─[39m [2m/decalaminage-hydrogene/saint-julien-des-landes/index.html[22m [2m(+10ms)[22m 
[2m22:42:35[22m   [34m├─[39m [2m/decalaminage-hydrogene/jard-sur-mer/index.html[22m [2m(+11ms)[22m 
[2m22:42:35[22m   [34m├─[39m [2m/decalaminage-hydrogene/sainte-foy/index.html[22m [2m(+11ms)[22m 
[2m22:42:35[22m   [34m├─[39m [2m/decalaminage-hydrogene/longeville-sur-mer/index.html[22m [2m(+43ms)[22m 
[2m22:42:35[22m   [34m├─[39m [2m/nettoyage-fap/cholet/index.html[22m [2m(+16ms)[22m 
[2m22:42:35[22m   [34m├─[39m [2m/nettoyage-fap/lys-haut-layon/index.html[22m [2m(+12ms)[22m 
[2m22:42:35[22m   [34m├─[39m [2m/nettoyage-fap/le-may-sur-evre/index.html[22m [2m(+14ms)[22m 
[2m22:42:35[22m   [34m├─[39m [2m/nettoyage-fap/maulevrier/index.html[22m [2m(+14ms)[22m 
[2m22:42:35[22m   [34m├─[39m [2m/nettoyage-fap/la-seguiniere/index.html[22m [2m(+11ms)[22m 
[2m22:42:35[22m   [34m├─[39m [2m/nettoyage-fap/saint-leger-sous-cholet/index.html[22m [2m(+19ms)[22m 
[2m22:42:35[22m   [34m├─[39m [2m/nettoyage-fap/trementines/index.html[22m [2m(+13ms)[22m 
[2m22:42:35[22m   [34m├─[39m [2m/nettoyage-fap/la-tessoualle/index.html[22m [2m(+14ms)[22m 
[2m22:42:35[22m   [34m├─[39m [2m/nettoyage-fap/yzernay/index.html[22m [2m(+12ms)[22m 
[2m22:42:35[22m   [34m├─[39m [2m/nettoyage-fap/saint-christophe-du-bois/index.html[22m [2m(+18ms)[22m 
[2m22:42:35[22m   [34m├─[39m [2m/nettoyage-fap/vezins/index.html[22m [2m(+13ms)[22m 
[2m22:42:35[22m   [34m├─[39m [2m/nettoyage-fap/coron/index.html[22m [2m(+17ms)[22m 
[2m22:42:35[22m   [34m├─[39m [2m/nettoyage-fap/la-romagne/index.html[22m [2m(+14ms)[22m 
[2m22:42:35[22m   [34m├─[39m [2m/nettoyage-fap/toutlemonde/index.html[22m [2m(+18ms)[22m 
[2m22:42:35[22m   [34m├─[39m [2m/nettoyage-fap/somloire/index.html[22m [2m(+17ms)[22m 
[2m22:42:35[22m   [34m├─[39m [2m/nettoyage-fap/montilliers/index.html[22m [2m(+16ms)[22m 
[2m22:42:35[22m   [34m├─[39m [2m/nettoyage-fap/nuaille/index.html[22m [2m(+15ms)[22m 
[2m22:42:35[22m   [34m├─[39m [2m/nettoyage-fap/les-cerqueux/index.html[22m [2m(+16ms)[22m 
[2m22:42:35[22m   [34m├─[39m [2m/nettoyage-fap/saint-paul-du-bois/index.html[22m [2m(+13ms)[22m 
[2m22:42:35[22m   [34m├─[39m [2m/nettoyage-fap/begrolles-en-mauges/index.html[22m [2m(+27ms)[22m 
[2m22:42:35[22m   [34m├─[39m [2m/nettoyage-fap/clere-sur-layon/index.html[22m [2m(+16ms)[22m 
[2m22:42:35[22m   [34m├─[39m [2m/nettoyage-fap/chanteloup-les-bois/index.html[22m [2m(+35ms)[22m 
[2m22:42:35[22m   [34m├─[39m [2m/nettoyage-fap/passavant-sur-layon/index.html[22m [2m(+73ms)[22m 
[2m22:42:35[22m   [34m├─[39m [2m/nettoyage-fap/cernusson/index.html[22m [2m(+30ms)[22m 
[2m22:42:35[22m   [34m├─[39m [2m/nettoyage-fap/nantes/index.html[22m [2m(+50ms)[22m 
[2m22:42:35[22m   [34m├─[39m [2m/nettoyage-fap/saint-nazaire/index.html[22m [2m(+29ms)[22m 
[2m22:42:35[22m   [34m├─[39m [2m/nettoyage-fap/saint-herblain/index.html[22m [2m(+44ms)[22m 
[2m22:42:36[22m   [34m├─[39m [2m/nettoyage-fap/reze/index.html[22m [2m(+25ms)[22m 
[2m22:42:36[22m   [34m├─[39m [2m/nettoyage-fap/saint-sebastien-sur-loire/index.html[22m [2m(+15ms)[22m 
[2m22:42:36[22m   [34m├─[39m [2m/nettoyage-fap/orvault/index.html[22m [2m(+19ms)[22m 
[2m22:42:36[22m   [34m├─[39m [2m/nettoyage-fap/vertou/index.html[22m [2m(+9ms)[22m 
[2m22:42:36[22m   [34m├─[39m [2m/nettoyage-fap/coueron/index.html[22m [2m(+10ms)[22m 
[2m22:42:36[22m   [34m├─[39m [2m/nettoyage-fap/bouguenais/index.html[22m [2m(+13ms)[22m 
[2m22:42:36[22m   [34m├─[39m [2m/nettoyage-fap/carquefou/index.html[22m [2m(+16ms)[22m 
[2m22:42:36[22m   [34m├─[39m [2m/nettoyage-fap/la-chapelle-sur-erdre/index.html[22m [2m(+10ms)[22m 
[2m22:42:36[22m   [34m├─[39m [2m/nettoyage-fap/pornic/index.html[22m [2m(+13ms)[22m 
[2m22:42:36[22m   [34m├─[39m [2m/nettoyage-fap/guerande/index.html[22m [2m(+17ms)[22m 
[2m22:42:36[22m   [34m├─[39m [2m/nettoyage-fap/la-baule-escoublac/index.html[22m [2m(+9ms)[22m 
[2m22:42:36[22m   [34m├─[39m [2m/nettoyage-fap/sainte-luce-sur-loire/index.html[22m [2m(+9ms)[22m 
[2m22:42:36[22m   [34m├─[39m [2m/nettoyage-fap/ancenis-saint-gereon/index.html[22m [2m(+7ms)[22m 
[2m22:42:36[22m   [34m├─[39m [2m/nettoyage-fap/pontchateau/index.html[22m [2m(+8ms)[22m 
[2m22:42:36[22m   [34m├─[39m [2m/nettoyage-fap/vallet/index.html[22m [2m(+9ms)[22m 
[2m22:42:36[22m   [34m├─[39m [2m/nettoyage-fap/savenay/index.html[22m [2m(+9ms)[22m 
[2m22:42:36[22m   [34m├─[39m [2m/nettoyage-fap/basse-goulaine/index.html[22m [2m(+15ms)[22m 
[2m22:42:36[22m   [34m├─[39m [2m/nettoyage-fap/clisson/index.html[22m [2m(+19ms)[22m 
[2m22:42:36[22m   [34m├─[39m [2m/nettoyage-fap/haute-goulaine/index.html[22m [2m(+16ms)[22m 
[2m22:42:36[22m   [34m├─[39m [2m/nettoyage-fap/angers/index.html[22m [2m(+16ms)[22m 
[2m22:42:36[22m   [34m├─[39m [2m/nettoyage-fap/saumur/index.html[22m [2m(+11ms)[22m 
[2m22:42:36[22m   [34m├─[39m [2m/nettoyage-fap/sevremoine/index.html[22m [2m(+12ms)[22m 
[2m22:42:36[22m   [34m├─[39m [2m/nettoyage-fap/beaupreau-en-mauges/index.html[22m [2m(+11ms)[22m 
[2m22:42:36[22m   [34m├─[39m [2m/nettoyage-fap/chemille-en-anjou/index.html[22m [2m(+11ms)[22m 
[2m22:42:36[22m   [34m├─[39m [2m/nettoyage-fap/mauges-sur-loire/index.html[22m [2m(+12ms)[22m 
[2m22:42:36[22m   [34m├─[39m [2m/nettoyage-fap/segre-en-anjou-bleu/index.html[22m [2m(+15ms)[22m 
[2m22:42:36[22m   [34m├─[39m [2m/nettoyage-fap/oree-d-anjou/index.html[22m [2m(+11ms)[22m 
[2m22:42:36[22m   [34m├─[39m [2m/nettoyage-fap/loire-authion/index.html[22m [2m(+13ms)[22m 
[2m22:42:36[22m   [34m├─[39m [2m/nettoyage-fap/montrevault-sur-evre/index.html[22m [2m(+12ms)[22m 
[2m22:42:36[22m   [34m├─[39m [2m/nettoyage-fap/trelaze/index.html[22m [2m(+13ms)[22m 
[2m22:42:36[22m   [34m├─[39m [2m/nettoyage-fap/avrille/index.html[22m [2m(+16ms)[22m 
[2m22:42:36[22m   [34m├─[39m [2m/nettoyage-fap/les-ponts-de-ce/index.html[22m [2m(+12ms)[22m 
[2m22:42:36[22m   [34m├─[39m [2m/nettoyage-fap/bauge-en-anjou/index.html[22m [2m(+13ms)[22m 
[2m22:42:36[22m   [34m├─[39m [2m/nettoyage-fap/doue-la-fontaine/index.html[22m [2m(+14ms)[22m 
[2m22:42:36[22m   [34m├─[39m [2m/nettoyage-fap/longue-jumelles/index.html[22m [2m(+13ms)[22m 
[2m22:42:36[22m   [34m├─[39m [2m/nettoyage-fap/chalonnes-sur-loire/index.html[22m [2m(+13ms)[22m 
[2m22:42:36[22m   [34m├─[39m [2m/nettoyage-fap/ingrandes-le-fresne-sur-loire/index.html[22m [2m(+13ms)[22m 
[2m22:42:36[22m   [34m├─[39m [2m/nettoyage-fap/saint-sylvain-d-anjou/index.html[22m [2m(+15ms)[22m 
[2m22:42:36[22m   [34m├─[39m [2m/nettoyage-fap/lorient/index.html[22m [2m(+15ms)[22m 
[2m22:42:36[22m   [34m├─[39m [2m/nettoyage-fap/vannes/index.html[22m [2m(+12ms)[22m 
[2m22:42:36[22m   [34m├─[39m [2m/nettoyage-fap/lanester/index.html[22m [2m(+10ms)[22m 
[2m22:42:36[22m   [34m├─[39m [2m/nettoyage-fap/ploemeur/index.html[22m [2m(+13ms)[22m 
[2m22:42:36[22m   [34m├─[39m [2m/nettoyage-fap/hennebont/index.html[22m [2m(+12ms)[22m 
[2m22:42:36[22m   [34m├─[39m [2m/nettoyage-fap/auray/index.html[22m [2m(+14ms)[22m 
[2m22:42:36[22m   [34m├─[39m [2m/nettoyage-fap/guidel/index.html[22m [2m(+16ms)[22m 
[2m22:42:36[22m   [34m├─[39m [2m/nettoyage-fap/queven/index.html[22m [2m(+16ms)[22m 
[2m22:42:36[22m   [34m├─[39m [2m/nettoyage-fap/sene/index.html[22m [2m(+27ms)[22m 
[2m22:42:36[22m   [34m├─[39m [2m/nettoyage-fap/theix-noyalo/index.html[22m [2m(+13ms)[22m 
[2m22:42:36[22m   [34m├─[39m [2m/nettoyage-fap/caudan/index.html[22m [2m(+16ms)[22m 
[2m22:42:36[22m   [34m├─[39m [2m/nettoyage-fap/elven/index.html[22m [2m(+13ms)[22m 
[2m22:42:36[22m   [34m├─[39m [2m/nettoyage-fap/grand-champ/index.html[22m [2m(+13ms)[22m 
[2m22:42:36[22m   [34m├─[39m [2m/nettoyage-fap/plouay/index.html[22m [2m(+13ms)[22m 
[2m22:42:36[22m   [34m├─[39m [2m/nettoyage-fap/arradon/index.html[22m [2m(+12ms)[22m 
[2m22:42:36[22m   [34m├─[39m [2m/nettoyage-fap/muzillac/index.html[22m [2m(+11ms)[22m 
[2m22:42:36[22m   [34m├─[39m [2m/nettoyage-fap/baden/index.html[22m [2m(+13ms)[22m 
[2m22:42:36[22m   [34m├─[39m [2m/nettoyage-fap/locmiquelic/index.html[22m [2m(+20ms)[22m 
[2m22:42:36[22m   [34m├─[39m [2m/nettoyage-fap/arzon/index.html[22m [2m(+18ms)[22m 
[2m22:42:36[22m   [34m├─[39m [2m/nettoyage-fap/la-roche-bernard/index.html[22m [2m(+13ms)[22m 
[2m22:42:36[22m   [34m├─[39m [2m/nettoyage-fap/niort/index.html[22m [2m(+10ms)[22m 
[2m22:42:36[22m   [34m├─[39m [2m/nettoyage-fap/bressuire/index.html[22m [2m(+13ms)[22m 
[2m22:42:36[22m   [34m├─[39m [2m/nettoyage-fap/thouars/index.html[22m [2m(+13ms)[22m 
[2m22:42:36[22m   [34m├─[39m [2m/nettoyage-fap/parthenay/index.html[22m [2m(+12ms)[22m 
[2m22:42:36[22m   [34m├─[39m [2m/nettoyage-fap/mauleon/index.html[22m [2m(+12ms)[22m 
[2m22:42:36[22m   [34m├─[39m [2m/nettoyage-fap/nueil-les-aubiers/index.html[22m [2m(+12ms)[22m 
[2m22:42:36[22m   [34m├─[39m [2m/nettoyage-fap/cerizay/index.html[22m [2m(+17ms)[22m 
[2m22:42:36[22m   [34m├─[39m [2m/nettoyage-fap/argentonnay/index.html[22m [2m(+13ms)[22m 
[2m22:42:36[22m   [34m├─[39m [2m/nettoyage-fap/la-roche-sur-yon/index.html[22m [2m(+13ms)[22m 
[2m22:42:36[22m   [34m├─[39m [2m/nettoyage-fap/les-sables-d-olonne/index.html[22m [2m(+13ms)[22m 
[2m22:42:36[22m   [34m├─[39m [2m/nettoyage-fap/challans/index.html[22m [2m(+14ms)[22m 
[2m22:42:36[22m   [34m├─[39m [2m/nettoyage-fap/montaigu-vendee/index.html[22m [2m(+12ms)[22m 
[2m22:42:36[22m   [34m├─[39m [2m/nettoyage-fap/les-herbiers/index.html[22m [2m(+13ms)[22m 
[2m22:42:36[22m   [34m├─[39m [2m/nettoyage-fap/fontenay-le-comte/index.html[22m [2m(+9ms)[22m 
[2m22:42:36[22m   [34m├─[39m [2m/nettoyage-fap/saint-hilaire-de-riez/index.html[22m [2m(+17ms)[22m 
[2m22:42:37[22m   [34m├─[39m [2m/nettoyage-fap/aizenay/index.html[22m [2m(+18ms)[22m 
[2m22:42:37[22m   [34m├─[39m [2m/nettoyage-fap/lucon/index.html[22m [2m(+11ms)[22m 
[2m22:42:37[22m   [34m├─[39m [2m/nettoyage-fap/saint-jean-de-monts/index.html[22m [2m(+17ms)[22m 
[2m22:42:37[22m   [34m├─[39m [2m/nettoyage-fap/talmont-saint-hilaire/index.html[22m [2m(+15ms)[22m 
[2m22:42:37[22m   [34m├─[39m [2m/nettoyage-fap/saint-gilles-croix-de-vie/index.html[22m [2m(+14ms)[22m 
[2m22:42:37[22m   [34m├─[39m [2m/nettoyage-fap/essarts-en-bocage/index.html[22m [2m(+21ms)[22m 
[2m22:42:37[22m   [34m├─[39m [2m/nettoyage-fap/noirmoutier-en-l-ile/index.html[22m [2m(+17ms)[22m 
[2m22:42:37[22m   [34m├─[39m [2m/nettoyage-fap/la-tranche-sur-mer/index.html[22m [2m(+28ms)[22m 
[2m22:42:37[22m   [34m├─[39m [2m/nettoyage-fap/mareuil-sur-lay-dissais/index.html[22m [2m(+17ms)[22m 
[2m22:42:37[22m   [34m├─[39m [2m/nettoyage-fap/saint-julien-des-landes/index.html[22m [2m(+17ms)[22m 
[2m22:42:37[22m   [34m├─[39m [2m/nettoyage-fap/jard-sur-mer/index.html[22m [2m(+12ms)[22m 
[2m22:42:37[22m   [34m├─[39m [2m/nettoyage-fap/sainte-foy/index.html[22m [2m(+14ms)[22m 
[2m22:42:37[22m   [34m├─[39m [2m/nettoyage-fap/longeville-sur-mer/index.html[22m [2m(+11ms)[22m 
[2m22:42:37[22m   [34m├─[39m [2m/reprogrammation-moteur/cholet/index.html[22m [2m(+22ms)[22m 
[2m22:42:37[22m   [34m├─[39m [2m/reprogrammation-moteur/lys-haut-layon/index.html[22m [2m(+18ms)[22m 
[2m22:42:37[22m   [34m├─[39m [2m/reprogrammation-moteur/le-may-sur-evre/index.html[22m [2m(+11ms)[22m 
[2m22:42:37[22m   [34m├─[39m [2m/reprogrammation-moteur/maulevrier/index.html[22m [2m(+11ms)[22m 
[2m22:42:37[22m   [34m├─[39m [2m/reprogrammation-moteur/la-seguiniere/index.html[22m [2m(+10ms)[22m 
[2m22:42:37[22m   [34m├─[39m [2m/reprogrammation-moteur/saint-leger-sous-cholet/index.html[22m [2m(+15ms)[22m 
[2m22:42:37[22m   [34m├─[39m [2m/reprogrammation-moteur/trementines/index.html[22m [2m(+16ms)[22m 
[2m22:42:37[22m   [34m├─[39m [2m/reprogrammation-moteur/la-tessoualle/index.html[22m [2m(+12ms)[22m 
[2m22:42:37[22m   [34m├─[39m [2m/reprogrammation-moteur/yzernay/index.html[22m [2m(+12ms)[22m 
[2m22:42:37[22m   [34m├─[39m [2m/reprogrammation-moteur/saint-christophe-du-bois/index.html[22m [2m(+39ms)[22m 
[2m22:42:37[22m   [34m├─[39m [2m/reprogrammation-moteur/vezins/index.html[22m [2m(+16ms)[22m 
[2m22:42:37[22m   [34m├─[39m [2m/reprogrammation-moteur/coron/index.html[22m [2m(+11ms)[22m 
[2m22:42:37[22m   [34m├─[39m [2m/reprogrammation-moteur/la-romagne/index.html[22m [2m(+21ms)[22m 
[2m22:42:37[22m   [34m├─[39m [2m/reprogrammation-moteur/toutlemonde/index.html[22m [2m(+11ms)[22m 
[2m22:42:37[22m   [34m├─[39m [2m/reprogrammation-moteur/somloire/index.html[22m [2m(+11ms)[22m 
[2m22:42:37[22m   [34m├─[39m [2m/reprogrammation-moteur/montilliers/index.html[22m [2m(+9ms)[22m 
[2m22:42:37[22m   [34m├─[39m [2m/reprogrammation-moteur/nuaille/index.html[22m [2m(+12ms)[22m 
[2m22:42:37[22m   [34m├─[39m [2m/reprogrammation-moteur/les-cerqueux/index.html[22m [2m(+19ms)[22m 
[2m22:42:37[22m   [34m├─[39m [2m/reprogrammation-moteur/saint-paul-du-bois/index.html[22m [2m(+20ms)[22m 
[2m22:42:37[22m   [34m├─[39m [2m/reprogrammation-moteur/begrolles-en-mauges/index.html[22m [2m(+23ms)[22m 
[2m22:42:37[22m   [34m├─[39m [2m/reprogrammation-moteur/nantes/index.html[22m [2m(+19ms)[22m 
[2m22:42:37[22m   [34m├─[39m [2m/reprogrammation-moteur/saint-nazaire/index.html[22m [2m(+24ms)[22m 
[2m22:42:37[22m   [34m├─[39m [2m/reprogrammation-moteur/saint-herblain/index.html[22m [2m(+22ms)[22m 
[2m22:42:37[22m   [34m├─[39m [2m/reprogrammation-moteur/reze/index.html[22m [2m(+11ms)[22m 
[2m22:42:37[22m   [34m├─[39m [2m/reprogrammation-moteur/saint-sebastien-sur-loire/index.html[22m [2m(+20ms)[22m 
[2m22:42:37[22m   [34m├─[39m [2m/reprogrammation-moteur/orvault/index.html[22m [2m(+31ms)[22m 
[2m22:42:37[22m   [34m├─[39m [2m/reprogrammation-moteur/vertou/index.html[22m [2m(+19ms)[22m 
[2m22:42:37[22m   [34m├─[39m [2m/reprogrammation-moteur/coueron/index.html[22m [2m(+21ms)[22m 
[2m22:42:37[22m   [34m├─[39m [2m/reprogrammation-moteur/bouguenais/index.html[22m [2m(+53ms)[22m 
[2m22:42:37[22m   [34m├─[39m [2m/reprogrammation-moteur/carquefou/index.html[22m [2m(+37ms)[22m 
[2m22:42:37[22m   [34m├─[39m [2m/reprogrammation-moteur/la-chapelle-sur-erdre/index.html[22m [2m(+29ms)[22m 
[2m22:42:37[22m   [34m├─[39m [2m/reprogrammation-moteur/pornic/index.html[22m [2m(+26ms)[22m 
[2m22:42:37[22m   [34m├─[39m [2m/reprogrammation-moteur/guerande/index.html[22m [2m(+29ms)[22m 
[2m22:42:37[22m   [34m├─[39m [2m/reprogrammation-moteur/la-baule-escoublac/index.html[22m [2m(+69ms)[22m 
[2m22:42:37[22m   [34m├─[39m [2m/reprogrammation-moteur/sainte-luce-sur-loire/index.html[22m [2m(+80ms)[22m 
[2m22:42:38[22m   [34m├─[39m [2m/reprogrammation-moteur/ancenis-saint-gereon/index.html[22m [2m(+49ms)[22m 
[2m22:42:38[22m   [34m├─[39m [2m/reprogrammation-moteur/pontchateau/index.html[22m [2m(+91ms)[22m 
[2m22:42:38[22m   [34m├─[39m [2m/reprogrammation-moteur/vallet/index.html[22m [2m(+70ms)[22m 
[2m22:42:38[22m   [34m├─[39m [2m/reprogrammation-moteur/savenay/index.html[22m [2m(+40ms)[22m 
[2m22:42:38[22m   [34m├─[39m [2m/reprogrammation-moteur/basse-goulaine/index.html[22m [2m(+28ms)[22m 
[2m22:42:38[22m   [34m├─[39m [2m/reprogrammation-moteur/clisson/index.html[22m [2m(+26ms)[22m 
[2m22:42:38[22m   [34m├─[39m [2m/reprogrammation-moteur/haute-goulaine/index.html[22m [2m(+29ms)[22m 
[2m22:42:38[22m   [34m├─[39m [2m/reprogrammation-moteur/angers/index.html[22m [2m(+24ms)[22m 
[2m22:42:38[22m   [34m├─[39m [2m/reprogrammation-moteur/saumur/index.html[22m [2m(+14ms)[22m 
[2m22:42:38[22m   [34m├─[39m [2m/reprogrammation-moteur/sevremoine/index.html[22m [2m(+12ms)[22m 
[2m22:42:38[22m   [34m├─[39m [2m/reprogrammation-moteur/beaupreau-en-mauges/index.html[22m [2m(+11ms)[22m 
[2m22:42:38[22m   [34m├─[39m [2m/reprogrammation-moteur/chemille-en-anjou/index.html[22m [2m(+14ms)[22m 
[2m22:42:38[22m   [34m├─[39m [2m/reprogrammation-moteur/mauges-sur-loire/index.html[22m [2m(+10ms)[22m 
[2m22:42:38[22m   [34m├─[39m [2m/reprogrammation-moteur/segre-en-anjou-bleu/index.html[22m [2m(+9ms)[22m 
[2m22:42:38[22m   [34m├─[39m [2m/reprogrammation-moteur/oree-d-anjou/index.html[22m [2m(+11ms)[22m 
[2m22:42:38[22m   [34m├─[39m [2m/reprogrammation-moteur/loire-authion/index.html[22m [2m(+12ms)[22m 
[2m22:42:38[22m   [34m├─[39m [2m/reprogrammation-moteur/montrevault-sur-evre/index.html[22m [2m(+11ms)[22m 
[2m22:42:38[22m   [34m├─[39m [2m/reprogrammation-moteur/trelaze/index.html[22m [2m(+21ms)[22m 
[2m22:42:38[22m   [34m├─[39m [2m/reprogrammation-moteur/avrille/index.html[22m [2m(+16ms)[22m 
[2m22:42:38[22m   [34m├─[39m [2m/reprogrammation-moteur/les-ponts-de-ce/index.html[22m [2m(+17ms)[22m 
[2m22:42:38[22m   [34m├─[39m [2m/reprogrammation-moteur/bauge-en-anjou/index.html[22m [2m(+15ms)[22m 
[2m22:42:38[22m   [34m├─[39m [2m/reprogrammation-moteur/doue-la-fontaine/index.html[22m [2m(+17ms)[22m 
[2m22:42:38[22m   [34m├─[39m [2m/reprogrammation-moteur/longue-jumelles/index.html[22m [2m(+29ms)[22m 
[2m22:42:38[22m   [34m├─[39m [2m/reprogrammation-moteur/chalonnes-sur-loire/index.html[22m [2m(+40ms)[22m 
[2m22:42:38[22m   [34m├─[39m [2m/reprogrammation-moteur/ingrandes-le-fresne-sur-loire/index.html[22m [2m(+24ms)[22m 
[2m22:42:38[22m   [34m├─[39m [2m/reprogrammation-moteur/saint-sylvain-d-anjou/index.html[22m [2m(+22ms)[22m 
[2m22:42:38[22m   [34m├─[39m [2m/reprogrammation-moteur/lorient/index.html[22m [2m(+28ms)[22m 
[2m22:42:38[22m   [34m├─[39m [2m/reprogrammation-moteur/vannes/index.html[22m [2m(+13ms)[22m 
[2m22:42:38[22m   [34m├─[39m [2m/reprogrammation-moteur/lanester/index.html[22m [2m(+11ms)[22m 
[2m22:42:38[22m   [34m├─[39m [2m/reprogrammation-moteur/ploemeur/index.html[22m [2m(+12ms)[22m 
[2m22:42:38[22m   [34m├─[39m [2m/reprogrammation-moteur/hennebont/index.html[22m [2m(+13ms)[22m 
[2m22:42:38[22m   [34m├─[39m [2m/reprogrammation-moteur/auray/index.html[22m [2m(+19ms)[22m 
[2m22:42:38[22m   [34m├─[39m [2m/reprogrammation-moteur/guidel/index.html[22m [2m(+26ms)[22m 
[2m22:42:38[22m   [34m├─[39m [2m/reprogrammation-moteur/queven/index.html[22m [2m(+15ms)[22m 
[2m22:42:38[22m   [34m├─[39m [2m/reprogrammation-moteur/sene/index.html[22m [2m(+15ms)[22m 
[2m22:42:38[22m   [34m├─[39m [2m/reprogrammation-moteur/theix-noyalo/index.html[22m [2m(+15ms)[22m 
[2m22:42:38[22m   [34m├─[39m [2m/reprogrammation-moteur/caudan/index.html[22m [2m(+14ms)[22m 
[2m22:42:38[22m   [34m├─[39m [2m/reprogrammation-moteur/elven/index.html[22m [2m(+18ms)[22m 
[2m22:42:38[22m   [34m├─[39m [2m/reprogrammation-moteur/grand-champ/index.html[22m [2m(+18ms)[22m 
[2m22:42:38[22m   [34m├─[39m [2m/reprogrammation-moteur/plouay/index.html[22m [2m(+15ms)[22m 
[2m22:42:38[22m   [34m├─[39m [2m/reprogrammation-moteur/arradon/index.html[22m [2m(+18ms)[22m 
[2m22:42:38[22m   [34m├─[39m [2m/reprogrammation-moteur/muzillac/index.html[22m [2m(+16ms)[22m 
[2m22:42:38[22m   [34m├─[39m [2m/reprogrammation-moteur/baden/index.html[22m [2m(+15ms)[22m 
[2m22:42:38[22m   [34m├─[39m [2m/reprogrammation-moteur/locmiquelic/index.html[22m [2m(+13ms)[22m 
[2m22:42:39[22m   [34m├─[39m [2m/reprogrammation-moteur/arzon/index.html[22m [2m(+12ms)[22m 
[2m22:42:39[22m   [34m├─[39m [2m/reprogrammation-moteur/niort/index.html[22m [2m(+12ms)[22m 
[2m22:42:39[22m   [34m├─[39m [2m/reprogrammation-moteur/bressuire/index.html[22m [2m(+14ms)[22m 
[2m22:42:39[22m   [34m├─[39m [2m/reprogrammation-moteur/thouars/index.html[22m [2m(+10ms)[22m 
[2m22:42:39[22m   [34m├─[39m [2m/reprogrammation-moteur/parthenay/index.html[22m [2m(+11ms)[22m 
[2m22:42:39[22m   [34m├─[39m [2m/reprogrammation-moteur/mauleon/index.html[22m [2m(+12ms)[22m 
[2m22:42:39[22m   [34m├─[39m [2m/reprogrammation-moteur/nueil-les-aubiers/index.html[22m [2m(+18ms)[22m 
[2m22:42:39[22m   [34m├─[39m [2m/reprogrammation-moteur/cerizay/index.html[22m [2m(+37ms)[22m 
[2m22:42:39[22m   [34m├─[39m [2m/reprogrammation-moteur/argentonnay/index.html[22m [2m(+50ms)[22m 
[2m22:42:39[22m   [34m├─[39m [2m/reprogrammation-moteur/la-roche-sur-yon/index.html[22m [2m(+32ms)[22m 
[2m22:42:39[22m   [34m├─[39m [2m/reprogrammation-moteur/les-sables-d-olonne/index.html[22m [2m(+21ms)[22m 
[2m22:42:39[22m   [34m├─[39m [2m/reprogrammation-moteur/challans/index.html[22m [2m(+16ms)[22m 
[2m22:42:39[22m   [34m├─[39m [2m/reprogrammation-moteur/montaigu-vendee/index.html[22m [2m(+16ms)[22m 
[2m22:42:39[22m   [34m├─[39m [2m/reprogrammation-moteur/les-herbiers/index.html[22m [2m(+15ms)[22m 
[2m22:42:39[22m   [34m├─[39m [2m/reprogrammation-moteur/fontenay-le-comte/index.html[22m [2m(+16ms)[22m 
[2m22:42:39[22m   [34m├─[39m [2m/reprogrammation-moteur/saint-hilaire-de-riez/index.html[22m [2m(+15ms)[22m 
[2m22:42:39[22m   [34m├─[39m [2m/reprogrammation-moteur/aizenay/index.html[22m [2m(+19ms)[22m 
[2m22:42:39[22m   [34m├─[39m [2m/reprogrammation-moteur/lucon/index.html[22m [2m(+46ms)[22m 
[2m22:42:39[22m   [34m├─[39m [2m/reprogrammation-moteur/saint-jean-de-monts/index.html[22m [2m(+15ms)[22m 
[2m22:42:39[22m   [34m├─[39m [2m/reprogrammation-moteur/talmont-saint-hilaire/index.html[22m [2m(+16ms)[22m 
[2m22:42:39[22m   [34m├─[39m [2m/reprogrammation-moteur/saint-gilles-croix-de-vie/index.html[22m [2m(+14ms)[22m 
[2m22:42:39[22m   [34m├─[39m [2m/reprogrammation-moteur/essarts-en-bocage/index.html[22m [2m(+29ms)[22m 
[2m22:42:39[22m   [34m├─[39m [2m/reprogrammation-moteur/noirmoutier-en-l-ile/index.html[22m [2m(+23ms)[22m 
[2m22:42:39[22m   [34m├─[39m [2m/reprogrammation-moteur/la-tranche-sur-mer/index.html[22m [2m(+18ms)[22m 
[2m22:42:39[22m   [34m├─[39m [2m/reprogrammation-moteur/mareuil-sur-lay-dissais/index.html[22m [2m(+21ms)[22m 
[2m22:42:39[22m   [34m├─[39m [2m/reprogrammation-moteur/saint-julien-des-landes/index.html[22m [2m(+24ms)[22m 
[2m22:42:39[22m   [34m├─[39m [2m/reprogrammation-moteur/jard-sur-mer/index.html[22m [2m(+13ms)[22m 
[2m22:42:39[22m   [34m├─[39m [2m/reprogrammation-moteur/sainte-foy/index.html[22m [2m(+12ms)[22m 
[2m22:42:39[22m   [34m├─[39m [2m/reprogrammation-moteur/longeville-sur-mer/index.html[22m [2m(+15ms)[22m 
[2m22:42:39[22m   [34m├─[39m [2m/suppression-adblue/cholet/index.html[22m [2m(+21ms)[22m 
[2m22:42:39[22m   [34m├─[39m [2m/suppression-adblue/lys-haut-layon/index.html[22m [2m(+19ms)[22m 
[2m22:42:39[22m   [34m├─[39m [2m/suppression-adblue/le-may-sur-evre/index.html[22m [2m(+14ms)[22m 
[2m22:42:39[22m   [34m├─[39m [2m/suppression-adblue/maulevrier/index.html[22m [2m(+16ms)[22m 
[2m22:42:39[22m   [34m├─[39m [2m/suppression-adblue/la-seguiniere/index.html[22m [2m(+21ms)[22m 
[2m22:42:39[22m   [34m├─[39m [2m/suppression-adblue/saint-leger-sous-cholet/index.html[22m [2m(+18ms)[22m 
[2m22:42:39[22m   [34m├─[39m [2m/suppression-adblue/trementines/index.html[22m [2m(+14ms)[22m 
[2m22:42:39[22m   [34m├─[39m [2m/suppression-adblue/la-tessoualle/index.html[22m [2m(+29ms)[22m 
[2m22:42:39[22m   [34m├─[39m [2m/suppression-adblue/yzernay/index.html[22m [2m(+16ms)[22m 
[2m22:42:39[22m   [34m├─[39m [2m/suppression-adblue/saint-christophe-du-bois/index.html[22m [2m(+19ms)[22m 
[2m22:42:39[22m   [34m├─[39m [2m/suppression-adblue/vezins/index.html[22m [2m(+13ms)[22m 
[2m22:42:39[22m   [34m├─[39m [2m/suppression-adblue/coron/index.html[22m [2m(+17ms)[22m 
[2m22:42:39[22m   [34m├─[39m [2m/suppression-adblue/la-romagne/index.html[22m [2m(+13ms)[22m 
[2m22:42:39[22m   [34m├─[39m [2m/suppression-adblue/toutlemonde/index.html[22m [2m(+15ms)[22m 
[2m22:42:39[22m   [34m├─[39m [2m/suppression-adblue/somloire/index.html[22m [2m(+20ms)[22m 
[2m22:42:39[22m   [34m├─[39m [2m/suppression-adblue/montilliers/index.html[22m [2m(+13ms)[22m 
[2m22:42:39[22m   [34m├─[39m [2m/suppression-adblue/nuaille/index.html[22m [2m(+13ms)[22m 
[2m22:42:39[22m   [34m├─[39m [2m/suppression-adblue/les-cerqueux/index.html[22m [2m(+16ms)[22m 
[2m22:42:39[22m   [34m├─[39m [2m/suppression-adblue/saint-paul-du-bois/index.html[22m [2m(+15ms)[22m 
[2m22:42:39[22m   [34m├─[39m [2m/suppression-adblue/begrolles-en-mauges/index.html[22m [2m(+14ms)[22m 
[2m22:42:39[22m   [34m├─[39m [2m/suppression-adblue/nantes/index.html[22m [2m(+19ms)[22m 
[2m22:42:39[22m   [34m├─[39m [2m/suppression-adblue/saint-nazaire/index.html[22m [2m(+12ms)[22m 
[2m22:42:39[22m   [34m├─[39m [2m/suppression-adblue/saint-herblain/index.html[22m [2m(+13ms)[22m 
[2m22:42:39[22m   [34m├─[39m [2m/suppression-adblue/reze/index.html[22m [2m(+13ms)[22m 
[2m22:42:39[22m   [34m├─[39m [2m/suppression-adblue/saint-sebastien-sur-loire/index.html[22m [2m(+12ms)[22m 
[2m22:42:39[22m   [34m├─[39m [2m/suppression-adblue/orvault/index.html[22m [2m(+13ms)[22m 
[2m22:42:40[22m   [34m├─[39m [2m/suppression-adblue/vertou/index.html[22m [2m(+11ms)[22m 
[2m22:42:40[22m   [34m├─[39m [2m/suppression-adblue/coueron/index.html[22m [2m(+14ms)[22m 
[2m22:42:40[22m   [34m├─[39m [2m/suppression-adblue/bouguenais/index.html[22m [2m(+13ms)[22m 
[2m22:42:40[22m   [34m├─[39m [2m/suppression-adblue/carquefou/index.html[22m [2m(+18ms)[22m 
[2m22:42:40[22m   [34m├─[39m [2m/suppression-adblue/la-chapelle-sur-erdre/index.html[22m [2m(+21ms)[22m 
[2m22:42:40[22m   [34m├─[39m [2m/suppression-adblue/pornic/index.html[22m [2m(+30ms)[22m 
[2m22:42:40[22m   [34m├─[39m [2m/suppression-adblue/guerande/index.html[22m [2m(+18ms)[22m 
[2m22:42:40[22m   [34m├─[39m [2m/suppression-adblue/la-baule-escoublac/index.html[22m [2m(+14ms)[22m 
[2m22:42:40[22m   [34m├─[39m [2m/suppression-adblue/sainte-luce-sur-loire/index.html[22m [2m(+22ms)[22m 
[2m22:42:40[22m   [34m├─[39m [2m/suppression-adblue/ancenis-saint-gereon/index.html[22m [2m(+11ms)[22m 
[2m22:42:40[22m   [34m├─[39m [2m/suppression-adblue/pontchateau/index.html[22m [2m(+10ms)[22m 
[2m22:42:40[22m   [34m├─[39m [2m/suppression-adblue/vallet/index.html[22m [2m(+15ms)[22m 
[2m22:42:40[22m   [34m├─[39m [2m/suppression-adblue/savenay/index.html[22m [2m(+13ms)[22m 
[2m22:42:40[22m   [34m├─[39m [2m/suppression-adblue/basse-goulaine/index.html[22m [2m(+14ms)[22m 
[2m22:42:40[22m   [34m├─[39m [2m/suppression-adblue/clisson/index.html[22m [2m(+11ms)[22m 
[2m22:42:40[22m   [34m├─[39m [2m/suppression-adblue/haute-goulaine/index.html[22m [2m(+15ms)[22m 
[2m22:42:40[22m   [34m├─[39m [2m/suppression-adblue/angers/index.html[22m [2m(+16ms)[22m 
[2m22:42:40[22m   [34m├─[39m [2m/suppression-adblue/saumur/index.html[22m [2m(+10ms)[22m 
[2m22:42:40[22m   [34m├─[39m [2m/suppression-adblue/sevremoine/index.html[22m [2m(+11ms)[22m 
[2m22:42:40[22m   [34m├─[39m [2m/suppression-adblue/beaupreau-en-mauges/index.html[22m [2m(+15ms)[22m 
[2m22:42:40[22m   [34m├─[39m [2m/suppression-adblue/chemille-en-anjou/index.html[22m [2m(+24ms)[22m 
[2m22:42:40[22m   [34m├─[39m [2m/suppression-adblue/mauges-sur-loire/index.html[22m [2m(+18ms)[22m 
[2m22:42:40[22m   [34m├─[39m [2m/suppression-adblue/segre-en-anjou-bleu/index.html[22m [2m(+13ms)[22m 
[2m22:42:40[22m   [34m├─[39m [2m/suppression-adblue/oree-d-anjou/index.html[22m [2m(+21ms)[22m 
[2m22:42:40[22m   [34m├─[39m [2m/suppression-adblue/loire-authion/index.html[22m [2m(+17ms)[22m 
[2m22:42:40[22m   [34m├─[39m [2m/suppression-adblue/montrevault-sur-evre/index.html[22m [2m(+14ms)[22m 
[2m22:42:40[22m   [34m├─[39m [2m/suppression-adblue/trelaze/index.html[22m [2m(+23ms)[22m 
[2m22:42:40[22m   [34m├─[39m [2m/suppression-adblue/avrille/index.html[22m [2m(+19ms)[22m 
[2m22:42:40[22m   [34m├─[39m [2m/suppression-adblue/les-ponts-de-ce/index.html[22m [2m(+16ms)[22m 
[2m22:42:40[22m   [34m├─[39m [2m/suppression-adblue/bauge-en-anjou/index.html[22m [2m(+25ms)[22m 
[2m22:42:40[22m   [34m├─[39m [2m/suppression-adblue/doue-la-fontaine/index.html[22m [2m(+12ms)[22m 
[2m22:42:40[22m   [34m├─[39m [2m/suppression-adblue/longue-jumelles/index.html[22m [2m(+15ms)[22m 
[2m22:42:40[22m   [34m├─[39m [2m/suppression-adblue/chalonnes-sur-loire/index.html[22m [2m(+14ms)[22m 
[2m22:42:40[22m   [34m├─[39m [2m/suppression-adblue/ingrandes-le-fresne-sur-loire/index.html[22m [2m(+11ms)[22m 
[2m22:42:40[22m   [34m├─[39m [2m/suppression-adblue/saint-sylvain-d-anjou/index.html[22m [2m(+14ms)[22m 
[2m22:42:40[22m   [34m├─[39m [2m/suppression-adblue/lorient/index.html[22m [2m(+12ms)[22m 
[2m22:42:40[22m   [34m├─[39m [2m/suppression-adblue/vannes/index.html[22m [2m(+12ms)[22m 
[2m22:42:40[22m   [34m├─[39m [2m/suppression-adblue/lanester/index.html[22m [2m(+41ms)[22m 
[2m22:42:40[22m   [34m├─[39m [2m/suppression-adblue/ploemeur/index.html[22m [2m(+49ms)[22m 
[2m22:42:40[22m   [34m├─[39m [2m/suppression-adblue/hennebont/index.html[22m [2m(+31ms)[22m 
[2m22:42:40[22m   [34m├─[39m [2m/suppression-adblue/auray/index.html[22m [2m(+18ms)[22m 
[2m22:42:40[22m   [34m├─[39m [2m/suppression-adblue/guidel/index.html[22m [2m(+23ms)[22m 
[2m22:42:40[22m   [34m├─[39m [2m/suppression-adblue/queven/index.html[22m [2m(+17ms)[22m 
[2m22:42:40[22m   [34m├─[39m [2m/suppression-adblue/sene/index.html[22m [2m(+14ms)[22m 
[2m22:42:40[22m   [34m├─[39m [2m/suppression-adblue/theix-noyalo/index.html[22m [2m(+15ms)[22m 
[2m22:42:40[22m   [34m├─[39m [2m/suppression-adblue/caudan/index.html[22m [2m(+13ms)[22m 
[2m22:42:40[22m   [34m├─[39m [2m/suppression-adblue/elven/index.html[22m [2m(+13ms)[22m 
[2m22:42:40[22m   [34m├─[39m [2m/suppression-adblue/grand-champ/index.html[22m [2m(+11ms)[22m 
[2m22:42:40[22m   [34m├─[39m [2m/suppression-adblue/plouay/index.html[22m [2m(+14ms)[22m 
[2m22:42:40[22m   [34m├─[39m [2m/suppression-adblue/arradon/index.html[22m [2m(+11ms)[22m 
[2m22:42:40[22m   [34m├─[39m [2m/suppression-adblue/muzillac/index.html[22m [2m(+15ms)[22m 
[2m22:42:40[22m   [34m├─[39m [2m/suppression-adblue/baden/index.html[22m [2m(+13ms)[22m 
[2m22:42:40[22m   [34m├─[39m [2m/suppression-adblue/locmiquelic/index.html[22m [2m(+11ms)[22m 
[2m22:42:40[22m   [34m├─[39m [2m/suppression-adblue/arzon/index.html[22m [2m(+12ms)[22m 
[2m22:42:40[22m   [34m├─[39m [2m/suppression-adblue/niort/index.html[22m [2m(+19ms)[22m 
[2m22:42:40[22m   [34m├─[39m [2m/suppression-adblue/bressuire/index.html[22m [2m(+19ms)[22m 
[2m22:42:40[22m   [34m├─[39m [2m/suppression-adblue/thouars/index.html[22m [2m(+28ms)[22m 
[2m22:42:40[22m   [34m├─[39m [2m/suppression-adblue/parthenay/index.html[22m [2m(+15ms)[22m 
[2m22:42:41[22m   [34m├─[39m [2m/suppression-adblue/mauleon/index.html[22m [2m(+14ms)[22m 
[2m22:42:41[22m   [34m├─[39m [2m/suppression-adblue/nueil-les-aubiers/index.html[22m [2m(+14ms)[22m 
[2m22:42:41[22m   [34m├─[39m [2m/suppression-adblue/cerizay/index.html[22m [2m(+14ms)[22m 
[2m22:42:41[22m   [34m├─[39m [2m/suppression-adblue/argentonnay/index.html[22m [2m(+15ms)[22m 
[2m22:42:41[22m   [34m├─[39m [2m/suppression-adblue/la-roche-sur-yon/index.html[22m [2m(+20ms)[22m 
[2m22:42:41[22m   [34m├─[39m [2m/suppression-adblue/les-sables-d-olonne/index.html[22m [2m(+14ms)[22m 
[2m22:42:41[22m   [34m├─[39m [2m/suppression-adblue/challans/index.html[22m [2m(+28ms)[22m 
[2m22:42:41[22m   [34m├─[39m [2m/suppression-adblue/montaigu-vendee/index.html[22m [2m(+32ms)[22m 
[2m22:42:41[22m   [34m├─[39m [2m/suppression-adblue/les-herbiers/index.html[22m [2m(+19ms)[22m 
[2m22:42:41[22m   [34m├─[39m [2m/suppression-adblue/fontenay-le-comte/index.html[22m [2m(+14ms)[22m 
[2m22:42:41[22m   [34m├─[39m [2m/suppression-adblue/saint-hilaire-de-riez/index.html[22m [2m(+23ms)[22m 
[2m22:42:41[22m   [34m├─[39m [2m/suppression-adblue/aizenay/index.html[22m [2m(+31ms)[22m 
[2m22:42:41[22m   [34m├─[39m [2m/suppression-adblue/lucon/index.html[22m [2m(+13ms)[22m 
[2m22:42:41[22m   [34m├─[39m [2m/suppression-adblue/saint-jean-de-monts/index.html[22m [2m(+22ms)[22m 
[2m22:42:41[22m   [34m├─[39m [2m/suppression-adblue/talmont-saint-hilaire/index.html[22m [2m(+17ms)[22m 
[2m22:42:41[22m   [34m├─[39m [2m/suppression-adblue/saint-gilles-croix-de-vie/index.html[22m [2m(+15ms)[22m 
[2m22:42:41[22m   [34m├─[39m [2m/suppression-adblue/essarts-en-bocage/index.html[22m [2m(+15ms)[22m 
[2m22:42:41[22m   [34m├─[39m [2m/suppression-adblue/noirmoutier-en-l-ile/index.html[22m [2m(+20ms)[22m 
[2m22:42:41[22m   [34m├─[39m [2m/suppression-adblue/la-tranche-sur-mer/index.html[22m [2m(+16ms)[22m 
[2m22:42:41[22m   [34m├─[39m [2m/suppression-adblue/mareuil-sur-lay-dissais/index.html[22m [2m(+22ms)[22m 
[2m22:42:41[22m   [34m├─[39m [2m/suppression-adblue/saint-julien-des-landes/index.html[22m [2m(+16ms)[22m 
[2m22:42:41[22m   [34m├─[39m [2m/suppression-adblue/jard-sur-mer/index.html[22m [2m(+16ms)[22m 
[2m22:42:41[22m   [34m├─[39m [2m/suppression-adblue/sainte-foy/index.html[22m [2m(+21ms)[22m 
[2m22:42:41[22m   [34m├─[39m [2m/suppression-adblue/longeville-sur-mer/index.html[22m [2m(+17ms)[22m 
[2m22:42:41[22m   [34m├─[39m [2m/decalaminage-hydrogene/index.html[22m [2m(+23ms)[22m 
[2m22:42:41[22m   [34m├─[39m [2m/nettoyage-fap/index.html[22m [2m(+17ms)[22m 
[2m22:42:41[22m   [34m├─[39m [2m/reprogrammation-moteur/index.html[22m [2m(+14ms)[22m 
[2m22:42:41[22m   [34m├─[39m [2m/suppression-adblue/index.html[22m [2m(+12ms)[22m 
[2m22:42:41[22m   [34m├─[39m [2m/destruction-dodeurs/index.html[22m [2m(+15ms)[22m 
[2m22:42:41[22m   [34m├─[39m [2m/pressing-siege-auto/index.html[22m [2m(+17ms)[22m 
[2m22:42:41[22m   [34m├─[39m [2m/optique-de-phare/index.html[22m [2m(+14ms)[22m 
[2m22:42:41[22m   [34m├─[39m [2m/index.html[22m [2m(+31ms)[22m 
[2m22:42:41[22m [32m✓ Completed in 8.34s.
[39m
[2m22:42:41[22m [34m[build][39m [32m✓ Completed in 15.67s.[39m
[2m22:42:41[22m [34m[@astrojs/sitemap][39m `sitemap-index.xml` created at `dist`
[2m22:42:41[22m [34m[build][39m 451 page(s) built in [1m19.29s[22m
[2m22:42:41[22m [34m[build][39m [1mComplete![22m
